<?xml version="1.0" encoding="UTF-8"?>
<!-- Generated by org.testng.reporters.JUnitReportReporter -->
<testsuite hostname="DESKTOP-MRVJBNT" failures="0" tests="1" name="com.menumitratCommonAPITestScript.DefaultUserSettingsTestScript" time="0.064" errors="0" timestamp="6 Jun 2025 18:22:06 GMT">
  <testcase classname="com.menumitratCommonAPITestScript.DefaultUserSettingsTestScript" name="defaultUserSettingsTest" time="0.064"/>
</testsuite> <!-- com.menumitratCommonAPITestScript.DefaultUserSettingsTestScript -->
