<?xml version="1.0" encoding="UTF-8"?>
<!-- Generated by org.testng.reporters.JUnitReportReporter -->
<testsuite hostname="DESKTOP-MRVJBNT" failures="0" tests="3" name="com.menumitratCommonAPITestScript.CheckTableIsReservedTestScript" time="0.151" errors="0" timestamp="6 Jun 2025 18:22:05 GMT">
  <testcase classname="com.menumitratCommonAPITestScript.CheckTableIsReservedTestScript" name="checkTableIsReservedNegativeTest" time="0.050"/>
  <testcase classname="com.menumitratCommonAPITestScript.CheckTableIsReservedTestScript" name="checkTableIsReservedNegativeTest" time="0.051"/>
  <testcase classname="com.menumitratCommonAPITestScript.CheckTableIsReservedTestScript" name="checkIfTableIsReserved" time="0.050"/>
</testsuite> <!-- com.menumitratCommonAPITestScript.CheckTableIsReservedTestScript -->
