<?xml version="1.0" encoding="UTF-8"?>
<!-- Generated by org.testng.reporters.JUnitReportReporter -->
<testsuite hostname="DESKTOP-MRVJBNT" failures="0" tests="1" name="com.menumitratCommonAPITestScript.GetInorOutList" time="0.044" errors="0" timestamp="9 Jun 2025 09:19:48 GMT">
  <testcase classname="com.menumitratCommonAPITestScript.GetInorOutList" name="testInOrOutList" time="0.044"/>
</testsuite> <!-- com.menumitratCommonAPITestScript.GetInorOutList -->
