<?xml version="1.0" encoding="UTF-8"?>
<!-- Generated by org.testng.reporters.JUnitReportReporter -->
<testsuite hostname="DESKTOP-MRVJBNT" failures="0" tests="2" name="com.menumitratCommonAPITestScript.DefaultSettingTestScript" time="0.109" errors="0" timestamp="6 Jun 2025 18:22:05 GMT">
  <testcase classname="com.menumitratCommonAPITestScript.DefaultSettingTestScript" name="defaultSetting" time="0.052"/>
  <testcase classname="com.menumitratCommonAPITestScript.DefaultSettingTestScript" name="defaultSettingsNegativeTest" time="0.057"/>
</testsuite> <!-- com.menumitratCommonAPITestScript.DefaultSettingTestScript -->
