<?xml version="1.0" encoding="UTF-8"?>
<!-- Generated by org.testng.reporters.JUnitReportReporter -->
<testsuite hostname="DESKTOP-MRVJBNT" failures="0" tests="3" name="com.menumitratCommonAPITestScript.orderListViewSetUp" time="2.906" errors="0" timestamp="9 Jun 2025 09:19:48 GMT">
  <testcase classname="com.menumitratCommonAPITestScript.orderListViewSetUp" name="orderListViewTest" time="2.736"/>
  <testcase classname="com.menumitratCommonAPITestScript.orderListViewSetUp" name="orderListViewNegativeTest" time="0.078"/>
  <testcase classname="com.menumitratCommonAPITestScript.orderListViewSetUp" name="orderListViewNegativeTest" time="0.092"/>
</testsuite> <!-- com.menumitratCommonAPITestScript.orderListViewSetUp -->
