<?xml version="1.0" encoding="UTF-8"?>
<!-- Generated by org.testng.reporters.JUnitReportReporter -->
<testsuite hostname="DESKTOP-MRVJBNT" failures="0" tests="2" name="com.menumitratCommonAPITestScript.ChefDeleteTestScript" time="0.108" errors="0" timestamp="6 Jun 2025 18:22:05 GMT">
  <testcase classname="com.menumitratCommonAPITestScript.ChefDeleteTestScript" name="chefDeleteNegativeTest" time="0.054"/>
  <testcase classname="com.menumitratCommonAPITestScript.ChefDeleteTestScript" name="deleteChef" time="0.054"/>
</testsuite> <!-- com.menumitratCommonAPITestScript.ChefDeleteTestScript -->
