<?xml version="1.0" encoding="UTF-8"?>
<!-- Generated by org.testng.reporters.JUnitReportReporter -->
<testsuite hostname="DESKTOP-MRVJBNT" failures="0" tests="1" name="com.menumitratCommonAPITestScript.TableIsReservedTestScript" time="0.647" errors="0" timestamp="22 May 2025 18:35:33 GMT">
  <testcase classname="com.menumitratCommonAPITestScript.TableIsReservedTestScript" name="setTableIsReserved" time="0.647"/>
</testsuite> <!-- com.menumitratCommonAPITestScript.TableIsReservedTestScript -->
