<?xml version="1.0" encoding="UTF-8"?>
<!-- Generated by org.testng.reporters.JUnitReportReporter -->
<testsuite hostname="DESKTOP-MRVJBNT" failures="0" tests="2" name="com.menumitratCommonAPITestScript.TotalTicketsTestScript" time="0.141" errors="0" timestamp="9 Jun 2025 09:19:49 GMT">
  <testcase classname="com.menumitratCommonAPITestScript.TotalTicketsTestScript" name="totalTicketsNegativeTest" time="0.079"/>
  <testcase classname="com.menumitratCommonAPITestScript.TotalTicketsTestScript" name="totalTicketsTest" time="0.062"/>
</testsuite> <!-- com.menumitratCommonAPITestScript.TotalTicketsTestScript -->
