<?xml version="1.0" encoding="UTF-8"?>
<!-- Generated by org.testng.reporters.JUnitReportReporter -->
<testsuite hostname="DESKTOP-MRVJBNT" failures="0" tests="1" name="com.menumitratCommonAPITestScript.GetTemplates" time="0.068" errors="0" timestamp="6 Jun 2025 18:22:05 GMT">
  <testcase classname="com.menumitratCommonAPITestScript.GetTemplates" name="verifyTemplates" time="0.068"/>
</testsuite> <!-- com.menumitratCommonAPITestScript.GetTemplates -->
