<?xml version="1.0" encoding="UTF-8"?>
<!-- Generated by org.testng.reporters.JUnitReportReporter -->
<testsuite hostname="DESKTOP-MRVJBNT" failures="0" tests="3" name="com.menumitratCommonAPITestScript.OrderViewTestScript" time="0.176" errors="0" timestamp="6 Jun 2025 18:22:06 GMT">
  <testcase classname="com.menumitratCommonAPITestScript.OrderViewTestScript" name="orderViewNegativeTest" time="0.049"/>
  <testcase classname="com.menumitratCommonAPITestScript.OrderViewTestScript" name="orderViewNegativeTest" time="0.046"/>
  <testcase classname="com.menumitratCommonAPITestScript.OrderViewTestScript" name="orderViewTest" time="0.081"/>
</testsuite> <!-- com.menumitratCommonAPITestScript.OrderViewTestScript -->
