<?xml version="1.0" encoding="UTF-8"?>
<!-- Generated by org.testng.reporters.JUnitReportReporter -->
<testsuite hostname="DESKTOP-MRVJBNT" failures="0" tests="1" name="com.menumitratCommonAPITestScript.GetSpicyIndexList" time="0.046" errors="0" timestamp="9 Jun 2025 09:19:49 GMT">
  <testcase classname="com.menumitratCommonAPITestScript.GetSpicyIndexList" name="verifySpicyIndexList" time="0.046"/>
</testsuite> <!-- com.menumitratCommonAPITestScript.GetSpicyIndexList -->
