<?xml version="1.0" encoding="UTF-8"?>
<!-- Generated by org.testng.reporters.JUnitReportReporter -->
<testsuite hostname="LAPTOP-G790OGBU" name="com.menumitraOwnerAPITestScript.OwnerverifyOtpTestScript" tests="2" failures="0" timestamp="23 Apr 2025 11:25:24 GMT" time="0.327" errors="0">
  <testcase name="getOwnerUrl" time="0.002" classname="com.menumitraOwnerAPITestScript.OwnerverifyOtpTestScript"/>
  <testcase name="verifyOTPAPiUsingValidInputData" time="0.325" classname="com.menumitraOwnerAPITestScript.OwnerverifyOtpTestScript"/>
</testsuite> <!-- com.menumitraOwnerAPITestScript.OwnerverifyOtpTestScript -->
