<?xml version="1.0" encoding="UTF-8"?>
<!-- Generated by org.testng.reporters.JUnitReportReporter -->
<testsuite hostname="DESKTOP-MRVJBNT" failures="0" tests="1" name="com.menumitratCommonAPITestScript.ResendOTPTestScript" time="0.197" errors="0" timestamp="22 May 2025 18:35:33 GMT">
  <testcase classname="com.menumitratCommonAPITestScript.ResendOTPTestScript" name="verifyRessendOTPUSingPositiveInputData" time="0.197"/>
</testsuite> <!-- com.menumitratCommonAPITestScript.ResendOTPTestScript -->
