<?xml version="1.0" encoding="UTF-8"?>
<!-- Generated by org.testng.reporters.JUnitReportReporter -->
<testsuite hostname="DESKTOP-MRVJBNT" failures="0" tests="2" name="com.menumitratCommonAPITestScript.StaffViewTestScript" time="0.202" errors="0" timestamp="22 May 2025 18:35:33 GMT">
  <testcase classname="com.menumitratCommonAPITestScript.StaffViewTestScript" name="verifyStaffView" time="0.109"/>
  <testcase classname="com.menumitratCommonAPITestScript.StaffViewTestScript" name="verifyStaffViewNegative" time="0.093"/>
</testsuite> <!-- com.menumitratCommonAPITestScript.StaffViewTestScript -->
