<?xml version="1.0" encoding="UTF-8"?>
<!-- Generated by org.testng.reporters.JUnitReportReporter -->
<testsuite hostname="DESKTOP-MRVJBNT" failures="0" tests="2" name="com.menumitratCommonAPITestScript.OutletSettingsViewTestScript" time="0.194" errors="0" timestamp="9 Jun 2025 09:19:48 GMT">
  <testcase classname="com.menumitratCommonAPITestScript.OutletSettingsViewTestScript" name="outletSettingsViewNegativeTest" time="0.075"/>
  <testcase classname="com.menumitratCommonAPITestScript.OutletSettingsViewTestScript" name="outletSettingsView" time="0.119"/>
</testsuite> <!-- com.menumitratCommonAPITestScript.OutletSettingsViewTestScript -->
