<?xml version="1.0" encoding="UTF-8"?>
<!-- Generated by org.testng.reporters.JUnitReportReporter -->
<testsuite hostname="DESKTOP-MRVJBNT" failures="0" tests="5" name="com.menumitratCommonAPITestScript.verifyOTPTestScript" time="0.283" errors="0" timestamp="6 Jun 2025 18:22:05 GMT">
  <testcase classname="com.menumitratCommonAPITestScript.verifyOTPTestScript" name="verifyOTPusingInvalidData" time="0.054"/>
  <testcase classname="com.menumitratCommonAPITestScript.verifyOTPTestScript" name="verifyOTPusingInvalidData" time="0.056"/>
  <testcase classname="com.menumitratCommonAPITestScript.verifyOTPTestScript" name="verifyOTPAPiUsingValidInputData" time="0.058"/>
  <testcase classname="com.menumitratCommonAPITestScript.verifyOTPTestScript" name="verifyOTPusingInvalidData" time="0.058"/>
  <testcase classname="com.menumitratCommonAPITestScript.verifyOTPTestScript" name="verifyOTPusingInvalidData" time="0.057"/>
</testsuite> <!-- com.menumitratCommonAPITestScript.verifyOTPTestScript -->
