<?xml version="1.0" encoding="UTF-8"?>
<!-- Generated by org.testng.reporters.JUnitReportReporter -->
<testsuite hostname="DESKTOP-MRVJBNT" failures="0" tests="2" name="com.menumitratCommonAPITestScript.MenuCategoryUpdateTestScript" time="0.469" errors="0" timestamp="22 May 2025 18:35:33 GMT">
  <testcase classname="com.menumitratCommonAPITestScript.MenuCategoryUpdateTestScript" name="menuCategoryUpdateNegativeTest" time="0.402"/>
  <testcase classname="com.menumitratCommonAPITestScript.MenuCategoryUpdateTestScript" name="menuCategoryUpdateNegativeTest" time="0.067"/>
</testsuite> <!-- com.menumitratCommonAPITestScript.MenuCategoryUpdateTestScript -->
