<?xml version="1.0" encoding="UTF-8"?>
<!-- Generated by org.testng.reporters.JUnitReportReporter -->
<testsuite hostname="DESKTOP-MRVJBNT" failures="0" tests="1" name="com.menumitratCommonAPITestScript.ChefDeleteTestScript" time="0.000" errors="1" timestamp="22 May 2025 18:35:33 GMT">
  <testcase classname="com.menumitratCommonAPITestScript.ChefDeleteTestScript" name="deleteChef" time="0.000">
    <error message="com.menumitra.utilityclass.customException: Error while reading chef delete test scenario data from Excel sheet: Unexpected error occurred while reading excel sheet: Cannot invoke &quot;org.apache.poi.ss.usermodel.Cell.getStringCellValue()&quot; because &quot;com.menumitra.utilityclass.DataDriven.cell&quot; is null" type="java.lang.RuntimeException">
      <![CDATA[java.lang.RuntimeException: com.menumitra.utilityclass.customException: Error while reading chef delete test scenario data from Excel sheet: Unexpected error occurred while reading excel sheet: Cannot invoke "org.apache.poi.ss.usermodel.Cell.getStringCellValue()" because "com.menumitra.utilityclass.DataDriven.cell" is null
	at org.testng.internal.MethodInvocationHelper.invokeDataProvider(MethodInvocationHelper.java:163)
	at org.testng.internal.Parameters.handleParameters(Parameters.java:430)
	at org.testng.internal.Invoker.handleParameters(Invoker.java:1274)
	at org.testng.internal.Invoker.createParameters(Invoker.java:989)
	at org.testng.internal.Invoker.invokeTestMethods(Invoker.java:1079)
	at org.testng.internal.TestMethodWorker.invokeTestMethods(TestMethodWorker.java:129)
	at org.testng.internal.TestMethodWorker.run(TestMethodWorker.java:112)
	at java.base/java.util.concurrent.ThreadPoolExecutor.runWorker(ThreadPoolExecutor.java:1144)
	at java.base/java.util.concurrent.ThreadPoolExecutor$Worker.run(ThreadPoolExecutor.java:642)
	at java.base/java.lang.Thread.run(Thread.java:1583)
Caused by: com.menumitra.utilityclass.customException: Error while reading chef delete test scenario data from Excel sheet: Unexpected error occurred while reading excel sheet: Cannot invoke "org.apache.poi.ss.usermodel.Cell.getStringCellValue()" because "com.menumitra.utilityclass.DataDriven.cell" is null
	at com.menumitratCommonAPITestScript.ChefDeleteTestScript.getChefDeleteData(ChefDeleteTestScript.java:105)
	at java.base/jdk.internal.reflect.DirectMethodHandleAccessor.invoke(DirectMethodHandleAccessor.java:103)
	at java.base/java.lang.reflect.Method.invoke(Method.java:580)
	at org.testng.internal.MethodInvocationHelper.invokeMethod(MethodInvocationHelper.java:86)
	at org.testng.internal.MethodInvocationHelper.invokeDataProvider(MethodInvocationHelper.java:137)
	... 9 more
]]>
    </error>
  </testcase> <!-- deleteChef -->
</testsuite> <!-- com.menumitratCommonAPITestScript.ChefDeleteTestScript -->
