<?xml version="1.0" encoding="UTF-8"?>
<!-- Generated by org.testng.reporters.JUnitReportReporter -->
<testsuite hostname="DESKTOP-MRVJBNT" failures="0" tests="1" name="com.menumitratCommonAPITestScript.UpdateTemplatesTestScript" time="0.296" errors="0" timestamp="9 Jun 2025 09:19:48 GMT">
  <testcase classname="com.menumitratCommonAPITestScript.UpdateTemplatesTestScript" name="updateTemplatesUsingValidInputData" time="0.296"/>
</testsuite> <!-- com.menumitratCommonAPITestScript.UpdateTemplatesTestScript -->
