<?xml version="1.0" encoding="UTF-8"?>
<!-- Generated by org.testng.reporters.JUnitReportReporter -->
<testsuite hostname="DESKTOP-MRVJBNT" failures="0" tests="3" name="com.menumitratCommonAPITestScript.SendQRLinkTestScript" time="0.156" errors="0" timestamp="6 Jun 2025 18:22:05 GMT">
  <testcase classname="com.menumitratCommonAPITestScript.SendQRLinkTestScript" name="sendQRLinkTest" time="0.055"/>
  <testcase classname="com.menumitratCommonAPITestScript.SendQRLinkTestScript" name="sendQRLinkNegativeTest" time="0.056"/>
  <testcase classname="com.menumitratCommonAPITestScript.SendQRLinkTestScript" name="sendQRLinkNegativeTest" time="0.045"/>
</testsuite> <!-- com.menumitratCommonAPITestScript.SendQRLinkTestScript -->
