<?xml version="1.0" encoding="UTF-8"?>
<!-- Generated by org.testng.reporters.JUnitReportReporter -->
<testsuite hostname="DESKTOP-MRVJBNT" failures="0" tests="3" name="com.menumitratCommonAPITestScript.CheckVersionTestScript" time="0.148" errors="0" timestamp="6 Jun 2025 18:22:05 GMT">
  <testcase classname="com.menumitratCommonAPITestScript.CheckVersionTestScript" name="checkVersionNegativeTest" time="0.053"/>
  <testcase classname="com.menumitratCommonAPITestScript.CheckVersionTestScript" name="checkVersionTest" time="0.047"/>
  <testcase classname="com.menumitratCommonAPITestScript.CheckVersionTestScript" name="checkVersionNegativeTest" time="0.048"/>
</testsuite> <!-- com.menumitratCommonAPITestScript.CheckVersionTestScript -->
