<?xml version="1.0" encoding="UTF-8"?>
<!-- Generated by org.testng.reporters.JUnitReportReporter -->
<testsuite hostname="DESKTOP-MRVJBNT" failures="0" tests="2" name="com.menumitratCommonAPITestScript.ViewTemplatesTestScript" time="0.130" errors="0" timestamp="6 Jun 2025 18:22:05 GMT">
  <testcase classname="com.menumitratCommonAPITestScript.ViewTemplatesTestScript" name="viewTemplatesNegativeTest" time="0.075"/>
  <testcase classname="com.menumitratCommonAPITestScript.ViewTemplatesTestScript" name="viewTemplatesTest" time="0.055"/>
</testsuite> <!-- com.menumitratCommonAPITestScript.ViewTemplatesTestScript -->
