<?xml version="1.0" encoding="UTF-8"?>
<!-- Generated by org.testng.reporters.JUnitReportReporter -->
<testsuite hostname="DESKTOP-MRVJBNT" failures="0" tests="3" name="com.menumitratCommonAPITestScript.sectionUpdateTestScript" time="0.229" errors="1" timestamp="22 May 2025 18:35:33 GMT">
  <testcase classname="com.menumitratCommonAPITestScript.sectionUpdateTestScript" name="verifySectionCreateUsingInvalidData" time="0.000">
    <error message="java.lang.Exception: Error reading section update API negative test scenario data" type="java.lang.RuntimeException">
      <![CDATA[java.lang.RuntimeException: java.lang.Exception: Error reading section update API negative test scenario data
	at org.testng.internal.MethodInvocationHelper.invokeDataProvider(MethodInvocationHelper.java:163)
	at org.testng.internal.Parameters.handleParameters(Parameters.java:430)
	at org.testng.internal.Invoker.handleParameters(Invoker.java:1274)
	at org.testng.internal.Invoker.createParameters(Invoker.java:989)
	at org.testng.internal.Invoker.invokeTestMethods(Invoker.java:1079)
	at org.testng.internal.TestMethodWorker.invokeTestMethods(TestMethodWorker.java:129)
	at org.testng.internal.TestMethodWorker.run(TestMethodWorker.java:112)
	at java.base/java.util.concurrent.ThreadPoolExecutor.runWorker(ThreadPoolExecutor.java:1144)
	at java.base/java.util.concurrent.ThreadPoolExecutor$Worker.run(ThreadPoolExecutor.java:642)
	at java.base/java.lang.Thread.run(Thread.java:1583)
Caused by: java.lang.Exception: Error reading section update API negative test scenario data
	at com.menumitratCommonAPITestScript.sectionUpdateTestScript.getSectionUpdateNegativeInputData(sectionUpdateTestScript.java:151)
	at java.base/jdk.internal.reflect.DirectMethodHandleAccessor.invoke(DirectMethodHandleAccessor.java:103)
	at java.base/java.lang.reflect.Method.invoke(Method.java:580)
	at org.testng.internal.MethodInvocationHelper.invokeMethod(MethodInvocationHelper.java:86)
	at org.testng.internal.MethodInvocationHelper.invokeDataProvider(MethodInvocationHelper.java:137)
	... 9 more
]]>
    </error>
  </testcase> <!-- verifySectionCreateUsingInvalidData -->
  <testcase classname="com.menumitratCommonAPITestScript.sectionUpdateTestScript" name="verifySectionUpdateUsingValidInputData" time="0.077"/>
  <testcase classname="com.menumitratCommonAPITestScript.sectionUpdateTestScript" name="sectionUpdateNegativeTest" time="0.152"/>
</testsuite> <!-- com.menumitratCommonAPITestScript.sectionUpdateTestScript -->
