<?xml version="1.0" encoding="UTF-8"?>
<!-- Generated by org.testng.reporters.JUnitReportReporter -->
<testsuite hostname="DESKTOP-MRVJBNT" failures="0" tests="6" name="com.menumitratCommonAPITestScript.StaffCreateTestScript" time="0.351" errors="0" timestamp="9 Jun 2025 09:19:48 GMT">
  <testcase classname="com.menumitratCommonAPITestScript.StaffCreateTestScript" name="createStaff" time="0.067"/>
  <testcase classname="com.menumitratCommonAPITestScript.StaffCreateTestScript" name="verifyStaffCreateNegativeCases" time="0.055"/>
  <testcase classname="com.menumitratCommonAPITestScript.StaffCreateTestScript" name="verifyStaffCreateNegativeCases" time="0.057"/>
  <testcase classname="com.menumitratCommonAPITestScript.StaffCreateTestScript" name="verifyStaffCreateNegativeCases" time="0.059"/>
  <testcase classname="com.menumitratCommonAPITestScript.StaffCreateTestScript" name="verifyStaffCreateNegativeCases" time="0.048"/>
  <testcase classname="com.menumitratCommonAPITestScript.StaffCreateTestScript" name="verifyStaffCreateNegativeCases" time="0.065"/>
</testsuite> <!-- com.menumitratCommonAPITestScript.StaffCreateTestScript -->
