<?xml version="1.0" encoding="UTF-8"?>
<!-- Generated by org.testng.reporters.JUnitReportReporter -->
<testsuite hostname="DESKTOP-MRVJBNT" failures="0" tests="2" name="com.menumitratCommonAPITestScript.RemoveTemplateTestScript" time="0.196" errors="0" timestamp="22 May 2025 18:30:43 GMT">
  <testcase classname="com.menumitratCommonAPITestScript.RemoveTemplateTestScript" name="removeTemplate" time="0.113"/>
  <testcase classname="com.menumitratCommonAPITestScript.RemoveTemplateTestScript" name="removeTemplate" time="0.083"/>
</testsuite> <!-- com.menumitratCommonAPITestScript.RemoveTemplateTestScript -->
