<?xml version="1.0" encoding="UTF-8"?>
<!-- Generated by org.testng.reporters.JUnitReportReporter -->
<testsuite hostname="DESKTOP-MRVJBNT" failures="0" tests="2" name="com.menumitratCommonAPITestScript.DefaultSettingTestScript" time="0.137" errors="0" timestamp="9 Jun 2025 09:19:48 GMT">
  <testcase classname="com.menumitratCommonAPITestScript.DefaultSettingTestScript" name="defaultSetting" time="0.062"/>
  <testcase classname="com.menumitratCommonAPITestScript.DefaultSettingTestScript" name="defaultSettingsNegativeTest" time="0.075"/>
</testsuite> <!-- com.menumitratCommonAPITestScript.DefaultSettingTestScript -->
