<?xml version="1.0" encoding="UTF-8"?>
<!-- Generated by org.testng.reporters.JUnitReportReporter -->
<testsuite hostname="DESKTOP-MRVJBNT" failures="0" tests="1" name="com.menumitratCommonAPITestScript.GetFoodTypeList" time="0.070" errors="0" timestamp="6 Jun 2025 18:22:06 GMT">
  <testcase classname="com.menumitratCommonAPITestScript.GetFoodTypeList" name="verifyFoodTypeList" time="0.070"/>
</testsuite> <!-- com.menumitratCommonAPITestScript.GetFoodTypeList -->
