<?xml version="1.0" encoding="UTF-8"?>
<!-- Generated by org.testng.reporters.JUnitReportReporter -->
<testsuite hostname="DESKTOP-MRVJBNT" failures="0" tests="6" name="com.menumitratCommonAPITestScript.ResendOTPTestScript" time="0.338" errors="0" timestamp="9 Jun 2025 09:19:48 GMT">
  <testcase classname="com.menumitratCommonAPITestScript.ResendOTPTestScript" name="resendOTPusingInvalidData" time="0.045"/>
  <testcase classname="com.menumitratCommonAPITestScript.ResendOTPTestScript" name="resendOTPusingInvalidData" time="0.046"/>
  <testcase classname="com.menumitratCommonAPITestScript.ResendOTPTestScript" name="resendOTPusingInvalidData" time="0.058"/>
  <testcase classname="com.menumitratCommonAPITestScript.ResendOTPTestScript" name="resendOTPusingInvalidData" time="0.061"/>
  <testcase classname="com.menumitratCommonAPITestScript.ResendOTPTestScript" name="verifyRessendOTPUSingPositiveInputData" time="0.054"/>
  <testcase classname="com.menumitratCommonAPITestScript.ResendOTPTestScript" name="resendOTPusingInvalidData" time="0.074"/>
</testsuite> <!-- com.menumitratCommonAPITestScript.ResendOTPTestScript -->
