<?xml version="1.0" encoding="UTF-8"?>
<!-- Generated by org.testng.reporters.JUnitReportReporter -->
<testsuite hostname="DESKTOP-MRVJBNT" failures="0" tests="2" name="com.menumitratCommonAPITestScript.OutletSettingsViewTestScript" time="0.105" errors="0" timestamp="6 Jun 2025 18:22:05 GMT">
  <testcase classname="com.menumitratCommonAPITestScript.OutletSettingsViewTestScript" name="outletSettingsViewNegativeTest" time="0.054"/>
  <testcase classname="com.menumitratCommonAPITestScript.OutletSettingsViewTestScript" name="outletSettingsView" time="0.051"/>
</testsuite> <!-- com.menumitratCommonAPITestScript.OutletSettingsViewTestScript -->
