<?xml version="1.0" encoding="UTF-8"?>
<!-- Generated by org.testng.reporters.JUnitReportReporter -->
<testsuite hostname="LAPTOP-G790OGBU" name="com.menumitratTestScript.loginDemo" tests="1" failures="0" timestamp="7 Apr 2025 17:32:36 GMT" time="0.005" errors="0">
  <testcase name="testLogin" time="0.005" classname="com.menumitratTestScript.loginDemo"/>
</testsuite> <!-- com.menumitratTestScript.loginDemo -->
