<?xml version="1.0" encoding="UTF-8"?>
<!-- Generated by org.testng.reporters.JUnitReportReporter -->
<testsuite hostname="DESKTOP-MRVJBNT" failures="0" tests="3" name="com.menumitratCommonAPITestScript.orderListViewSetUp" time="3.231" errors="0" timestamp="6 Jun 2025 18:22:05 GMT">
  <testcase classname="com.menumitratCommonAPITestScript.orderListViewSetUp" name="orderListViewNegativeTest" time="0.091"/>
  <testcase classname="com.menumitratCommonAPITestScript.orderListViewSetUp" name="orderListViewTest" time="3.076"/>
  <testcase classname="com.menumitratCommonAPITestScript.orderListViewSetUp" name="orderListViewNegativeTest" time="0.064"/>
</testsuite> <!-- com.menumitratCommonAPITestScript.orderListViewSetUp -->
