<?xml version="1.0" encoding="UTF-8"?>
<!-- Generated by org.testng.reporters.JUnitReportReporter -->
<testsuite hostname="DESKTOP-MRVJBNT" failures="0" tests="2" name="com.menumitratCommonAPITestScript.TicketListViewTestScript" time="4.877" errors="0" timestamp="6 Jun 2025 18:22:06 GMT">
  <testcase classname="com.menumitratCommonAPITestScript.TicketListViewTestScript" name="ticketListViewNegativeTest" time="0.079"/>
  <testcase classname="com.menumitratCommonAPITestScript.TicketListViewTestScript" name="ticketListViewTest" time="4.798"/>
</testsuite> <!-- com.menumitratCommonAPITestScript.TicketListViewTestScript -->
