<?xml version="1.0" encoding="UTF-8"?>
<!-- Generated by org.testng.reporters.JUnitReportReporter -->
<testsuite hostname="DESKTOP-MRVJBNT" failures="0" tests="1" name="com.menumitratCommonAPITestScript.WareHouseListTestScript" time="0.100" errors="0" timestamp="9 Jun 2025 10:07:23 GMT">
  <testcase classname="com.menumitratCommonAPITestScript.WareHouseListTestScript" name="warehouseListTest" time="0.100"/>
</testsuite> <!-- com.menumitratCommonAPITestScript.WareHouseListTestScript -->
