<?xml version="1.0" encoding="UTF-8"?>
<!-- Generated by org.testng.reporters.JUnitReportReporter -->
<testsuite hostname="LAPTOP-G790OGBU" name="com.menumitratCommonAPITestScript.SupplierUpdateTestScript" tests="6" failures="0" timestamp="7 May 2025 13:49:11 GMT" time="1.764" errors="0">
  <testcase name="supplierUpdateNegativeTest" time="0.204" classname="com.menumitratCommonAPITestScript.SupplierUpdateTestScript"/>
  <testcase name="updateSupplier" time="0.794" classname="com.menumitratCommonAPITestScript.SupplierUpdateTestScript"/>
  <testcase name="supplierUpdateNegativeTest" time="0.202" classname="com.menumitratCommonAPITestScript.SupplierUpdateTestScript"/>
  <testcase name="supplierUpdateNegativeTest" time="0.188" classname="com.menumitratCommonAPITestScript.SupplierUpdateTestScript"/>
  <testcase name="supplierUpdateNegativeTest" time="0.185" classname="com.menumitratCommonAPITestScript.SupplierUpdateTestScript"/>
  <testcase name="supplierUpdateNegativeTest" time="0.191" classname="com.menumitratCommonAPITestScript.SupplierUpdateTestScript"/>
</testsuite> <!-- com.menumitratCommonAPITestScript.SupplierUpdateTestScript -->
