<?xml version="1.0" encoding="UTF-8"?>
<!-- Generated by org.testng.reporters.JUnitReportReporter -->
<testsuite hostname="DESKTOP-MRVJBNT" failures="0" tests="2" name="com.menumitratCommonAPITestScript.SelectTemplateTestScript" time="0.156" errors="0" timestamp="6 Jun 2025 18:22:05 GMT">
  <testcase classname="com.menumitratCommonAPITestScript.SelectTemplateTestScript" name="selectTemplateUsingValidInputData" time="0.079"/>
  <testcase classname="com.menumitratCommonAPITestScript.SelectTemplateTestScript" name="selectTemplateNegativeTest" time="0.077"/>
</testsuite> <!-- com.menumitratCommonAPITestScript.SelectTemplateTestScript -->
