<?xml version="1.0" encoding="UTF-8"?>
<!-- Generated by org.testng.reporters.JUnitReportReporter -->
<testsuite hostname="DESKTOP-MRVJBNT" failures="0" tests="1" name="com.menumitratCommonAPITestScript.OutletTypeTestScript" time="0.051" errors="0" timestamp="9 Jun 2025 09:19:48 GMT">
  <testcase classname="com.menumitratCommonAPITestScript.OutletTypeTestScript" name="verifyOutletType" time="0.051"/>
</testsuite> <!-- com.menumitratCommonAPITestScript.OutletTypeTestScript -->
