<?xml version="1.0" encoding="UTF-8"?>
<!-- Generated by org.testng.reporters.JUnitReportReporter -->
<testsuite hostname="DESKTOP-MRVJBNT" failures="0" tests="1" name="com.menumitratCommonAPITestScript.MenuCategoryListViewTestScript" time="0.077" errors="0" timestamp="22 May 2025 18:35:33 GMT">
  <testcase classname="com.menumitratCommonAPITestScript.MenuCategoryListViewTestScript" name="verifyMenuCategoryListView" time="0.077"/>
</testsuite> <!-- com.menumitratCommonAPITestScript.MenuCategoryListViewTestScript -->
