<?xml version="1.0" encoding="UTF-8"?>
<!-- Generated by org.testng.reporters.JUnitReportReporter -->
<testsuite hostname="DESKTOP-MRVJBNT" failures="0" tests="3" name="com.menumitratCommonAPITestScript.UpdateMenuQuantity" time="0.338" errors="1" timestamp="22 May 2025 18:35:33 GMT">
  <testcase classname="com.menumitratCommonAPITestScript.UpdateMenuQuantity" name="updateMenuQuantityNegativeTest" time="0.118"/>
  <testcase classname="com.menumitratCommonAPITestScript.UpdateMenuQuantity" name="updateMenuQuantityNegativeTest" time="0.124"/>
  <testcase classname="com.menumitratCommonAPITestScript.UpdateMenuQuantity" name="verifyUpdateMenuQuantity" time="0.096">
    <error message="Error in update menu quantity test: Status code mismatch - Expected: 200, Actual: 401" type="com.menumitra.utilityclass.customException">
      <![CDATA[com.menumitra.utilityclass.customException: Error in update menu quantity test: Status code mismatch - Expected: 200, Actual: 401
	at com.menumitratCommonAPITestScript.UpdateMenuQuantity.verifyUpdateMenuQuantity(UpdateMenuQuantity.java:260)
	at java.base/jdk.internal.reflect.DirectMethodHandleAccessor.invoke(DirectMethodHandleAccessor.java:103)
	at java.base/java.lang.reflect.Method.invoke(Method.java:580)
	at org.testng.internal.MethodInvocationHelper.invokeMethod(MethodInvocationHelper.java:86)
	at org.testng.internal.Invoker.invokeMethod(Invoker.java:643)
	at org.testng.internal.Invoker.invokeTestMethod(Invoker.java:820)
	at org.testng.internal.Invoker.invokeTestMethods(Invoker.java:1128)
	at org.testng.internal.TestMethodWorker.invokeTestMethods(TestMethodWorker.java:129)
	at org.testng.internal.TestMethodWorker.run(TestMethodWorker.java:112)
	at java.base/java.util.concurrent.ThreadPoolExecutor.runWorker(ThreadPoolExecutor.java:1144)
	at java.base/java.util.concurrent.ThreadPoolExecutor$Worker.run(ThreadPoolExecutor.java:642)
	at java.base/java.lang.Thread.run(Thread.java:1583)
]]>
    </error>
  </testcase> <!-- verifyUpdateMenuQuantity -->
</testsuite> <!-- com.menumitratCommonAPITestScript.UpdateMenuQuantity -->
