<?xml version="1.0" encoding="UTF-8"?>
<!-- Generated by org.testng.reporters.JUnitReportReporter -->
<testsuite hostname="DESKTOP-MRVJBNT" failures="0" tests="1" name="com.menumitratCommonAPITestScript.GetInorOutList" time="0.058" errors="0" timestamp="6 Jun 2025 18:22:05 GMT">
  <testcase classname="com.menumitratCommonAPITestScript.GetInorOutList" name="testInOrOutList" time="0.058"/>
</testsuite> <!-- com.menumitratCommonAPITestScript.GetInorOutList -->
