<?xml version="1.0" encoding="UTF-8"?>
<!-- Generated by org.testng.reporters.JUnitReportReporter -->
<testsuite hostname="DESKTOP-MRVJBNT" failures="0" tests="2" name="com.menumitratCommonAPITestScript.DeleteTemplatesTestScript" time="0.111" errors="0" timestamp="9 Jun 2025 09:19:48 GMT">
  <testcase classname="com.menumitratCommonAPITestScript.DeleteTemplatesTestScript" name="deleteTemplatesTest" time="0.054"/>
  <testcase classname="com.menumitratCommonAPITestScript.DeleteTemplatesTestScript" name="deleteTemplatesNegativeTest" time="0.057"/>
</testsuite> <!-- com.menumitratCommonAPITestScript.DeleteTemplatesTestScript -->
