<?xml version="1.0" encoding="UTF-8"?>
<!-- Generated by org.testng.reporters.JUnitReportReporter -->
<testsuite hostname="DESKTOP-MRVJBNT" failures="0" tests="1" name="com.menumitratCommonAPITestScript.MenuCategoryUpdateTestScript" time="0.052" errors="0" timestamp="9 Jun 2025 09:19:48 GMT">
  <testcase classname="com.menumitratCommonAPITestScript.MenuCategoryUpdateTestScript" name="updateMenuCategoryUsingValidInputData" time="0.052"/>
</testsuite> <!-- com.menumitratCommonAPITestScript.MenuCategoryUpdateTestScript -->
