<?xml version="1.0" encoding="UTF-8"?>
<!-- Generated by org.testng.reporters.JUnitReportReporter -->
<testsuite hostname="DESKTOP-MRVJBNT" failures="0" tests="1" name="com.menumitratCommonAPITestScript.GetFoodTypeList" time="0.705" errors="0" timestamp="22 May 2025 18:35:33 GMT">
  <testcase classname="com.menumitratCommonAPITestScript.GetFoodTypeList" name="verifyFoodTypeList" time="0.705"/>
</testsuite> <!-- com.menumitratCommonAPITestScript.GetFoodTypeList -->
