<?xml version="1.0" encoding="UTF-8"?>
<!-- Generated by org.testng.reporters.JUnitReportReporter -->
<testsuite hostname="DESKTOP-MRVJBNT" failures="0" tests="2" name="com.menumitratCommonAPITestScript.TicketListViewTestScript" time="0.000" errors="2" timestamp="22 May 2025 18:35:33 GMT">
  <testcase classname="com.menumitratCommonAPITestScript.TicketListViewTestScript" name="ticketListViewNegativeTest" time="0.000">
    <error message="com.menumitra.utilityclass.customException: Error in getting ticket list view negative test data: Unexpected error occurred while reading excel sheet: Cannot get a NUMERIC value from a STRING cell" type="java.lang.RuntimeException">
      <![CDATA[java.lang.RuntimeException: com.menumitra.utilityclass.customException: Error in getting ticket list view negative test data: Unexpected error occurred while reading excel sheet: Cannot get a NUMERIC value from a STRING cell
	at org.testng.internal.MethodInvocationHelper.invokeDataProvider(MethodInvocationHelper.java:163)
	at org.testng.internal.Parameters.handleParameters(Parameters.java:430)
	at org.testng.internal.Invoker.handleParameters(Invoker.java:1274)
	at org.testng.internal.Invoker.createParameters(Invoker.java:989)
	at org.testng.internal.Invoker.invokeTestMethods(Invoker.java:1079)
	at org.testng.internal.TestMethodWorker.invokeTestMethods(TestMethodWorker.java:129)
	at org.testng.internal.TestMethodWorker.run(TestMethodWorker.java:112)
	at java.base/java.util.concurrent.ThreadPoolExecutor.runWorker(ThreadPoolExecutor.java:1144)
	at java.base/java.util.concurrent.ThreadPoolExecutor$Worker.run(ThreadPoolExecutor.java:642)
	at java.base/java.lang.Thread.run(Thread.java:1583)
Caused by: com.menumitra.utilityclass.customException: Error in getting ticket list view negative test data: Unexpected error occurred while reading excel sheet: Cannot get a NUMERIC value from a STRING cell
	at com.menumitratCommonAPITestScript.TicketListViewTestScript.getTicketListViewNegativeData(TicketListViewTestScript.java:253)
	at java.base/jdk.internal.reflect.DirectMethodHandleAccessor.invoke(DirectMethodHandleAccessor.java:103)
	at java.base/java.lang.reflect.Method.invoke(Method.java:580)
	at org.testng.internal.MethodInvocationHelper.invokeMethod(MethodInvocationHelper.java:86)
	at org.testng.internal.MethodInvocationHelper.invokeDataProvider(MethodInvocationHelper.java:137)
	... 9 more
]]>
    </error>
  </testcase> <!-- ticketListViewNegativeTest -->
  <testcase classname="com.menumitratCommonAPITestScript.TicketListViewTestScript" name="ticketListViewTest" time="0.000">
    <error message="com.menumitra.utilityclass.customException: Error while reading ticket list view test scenario data: Unexpected error occurred while reading excel sheet: Cannot get a STRING value from a NUMERIC cell" type="java.lang.RuntimeException">
      <![CDATA[java.lang.RuntimeException: com.menumitra.utilityclass.customException: Error while reading ticket list view test scenario data: Unexpected error occurred while reading excel sheet: Cannot get a STRING value from a NUMERIC cell
	at org.testng.internal.MethodInvocationHelper.invokeDataProvider(MethodInvocationHelper.java:163)
	at org.testng.internal.Parameters.handleParameters(Parameters.java:430)
	at org.testng.internal.Invoker.handleParameters(Invoker.java:1274)
	at org.testng.internal.Invoker.createParameters(Invoker.java:989)
	at org.testng.internal.Invoker.invokeTestMethods(Invoker.java:1079)
	at org.testng.internal.TestMethodWorker.invokeTestMethods(TestMethodWorker.java:129)
	at org.testng.internal.TestMethodWorker.run(TestMethodWorker.java:112)
	at java.base/java.util.concurrent.ThreadPoolExecutor.runWorker(ThreadPoolExecutor.java:1144)
	at java.base/java.util.concurrent.ThreadPoolExecutor$Worker.run(ThreadPoolExecutor.java:642)
	at java.base/java.lang.Thread.run(Thread.java:1583)
Caused by: com.menumitra.utilityclass.customException: Error while reading ticket list view test scenario data: Unexpected error occurred while reading excel sheet: Cannot get a STRING value from a NUMERIC cell
	at com.menumitratCommonAPITestScript.TicketListViewTestScript.getTicketListViewData(TicketListViewTestScript.java:159)
	at java.base/jdk.internal.reflect.DirectMethodHandleAccessor.invoke(DirectMethodHandleAccessor.java:103)
	at java.base/java.lang.reflect.Method.invoke(Method.java:580)
	at org.testng.internal.MethodInvocationHelper.invokeMethod(MethodInvocationHelper.java:86)
	at org.testng.internal.MethodInvocationHelper.invokeDataProvider(MethodInvocationHelper.java:137)
	... 9 more
]]>
    </error>
  </testcase> <!-- ticketListViewTest -->
</testsuite> <!-- com.menumitratCommonAPITestScript.TicketListViewTestScript -->
