<?xml version="1.0" encoding="UTF-8"?>
<!-- Generated by org.testng.reporters.JUnitReportReporter -->
<testsuite hostname="DESKTOP-MRVJBNT" failures="0" tests="1" name="com.menumitratCommonAPITestScript.GetSupplierListTestScript" time="0.052" errors="0" timestamp="22 May 2025 18:35:33 GMT">
  <testcase classname="com.menumitratCommonAPITestScript.GetSupplierListTestScript" name="getSupplierList" time="0.052"/>
</testsuite> <!-- com.menumitratCommonAPITestScript.GetSupplierListTestScript -->
