<?xml version="1.0" encoding="UTF-8"?>
<!-- Generated by org.testng.reporters.JUnitReportReporter -->
<testsuite hostname="DESKTOP-MRVJBNT" failures="0" tests="1" name="com.menumitratCommonAPITestScript.loginTestScript" time="0.065" errors="0" timestamp="22 May 2025 18:35:33 GMT">
  <testcase classname="com.menumitratCommonAPITestScript.loginTestScript" name="verifyloginUsingValidInputData" time="0.065"/>
</testsuite> <!-- com.menumitratCommonAPITestScript.loginTestScript -->
