<?xml version="1.0" encoding="UTF-8"?>
<!-- Generated by org.testng.reporters.JUnitReportReporter -->
<testsuite hostname="DESKTOP-MRVJBNT" failures="0" tests="2" name="com.menumitratCommonAPITestScript.StaffDeleteTestScript" time="0.112" errors="0" timestamp="22 May 2025 18:35:33 GMT">
  <testcase classname="com.menumitratCommonAPITestScript.StaffDeleteTestScript" name="testStaffDelete" time="0.052"/>
  <testcase classname="com.menumitratCommonAPITestScript.StaffDeleteTestScript" name="staffDeleteNegativeTest" time="0.060"/>
</testsuite> <!-- com.menumitratCommonAPITestScript.StaffDeleteTestScript -->
