<?xml version="1.0" encoding="UTF-8"?>
<!-- Generated by org.testng.reporters.JUnitReportReporter -->
<testsuite hostname="DESKTOP-MRVJBNT" failures="0" tests="2" name="com.menumitratCommonAPITestScript.GetOutletListTestScript" time="0.002" errors="2" timestamp="22 May 2025 18:35:33 GMT">
  <testcase classname="com.menumitratCommonAPITestScript.GetOutletListTestScript" name="getOutletListNegativeTest" time="0.002">
    <error message="Error during setup: Error While Reading Activity Log API endpoint data from Excel sheet" type="com.menumitra.utilityclass.customException">
      <![CDATA[com.menumitra.utilityclass.customException: Error during setup: Error While Reading Activity Log API endpoint data from Excel sheet
	at com.menumitratCommonAPITestScript.ActivityLogTestScript.setup(ActivityLogTestScript.java:152)
	at java.base/jdk.internal.reflect.DirectMethodHandleAccessor.invoke(DirectMethodHandleAccessor.java:103)
	at java.base/java.lang.reflect.Method.invoke(Method.java:580)
	at org.testng.internal.MethodInvocationHelper.invokeMethod(MethodInvocationHelper.java:86)
	at org.testng.internal.Invoker.invokeConfigurationMethod(Invoker.java:514)
	at org.testng.internal.Invoker.invokeConfigurations(Invoker.java:215)
	at org.testng.internal.Invoker.invokeConfigurations(Invoker.java:142)
	at org.testng.internal.TestMethodWorker.invokeBeforeClassMethods(TestMethodWorker.java:178)
	at org.testng.internal.TestMethodWorker.run(TestMethodWorker.java:108)
	at java.base/java.util.concurrent.ThreadPoolExecutor.runWorker(ThreadPoolExecutor.java:1144)
	at java.base/java.util.concurrent.ThreadPoolExecutor$Worker.run(ThreadPoolExecutor.java:642)
	at java.base/java.lang.Thread.run(Thread.java:1583)
]]>
    </error>
  </testcase> <!-- getOutletListNegativeTest -->
  <testcase classname="com.menumitratCommonAPITestScript.GetOutletListTestScript" name="getOutletListTest" time="0.000">
    <error message="com.menumitra.utilityclass.customException: Error in getting outlet list test data: Unexpected error occurred while reading excel sheet: Cannot get a NUMERIC value from a STRING cell" type="java.lang.RuntimeException">
      <![CDATA[java.lang.RuntimeException: com.menumitra.utilityclass.customException: Error in getting outlet list test data: Unexpected error occurred while reading excel sheet: Cannot get a NUMERIC value from a STRING cell
	at org.testng.internal.MethodInvocationHelper.invokeDataProvider(MethodInvocationHelper.java:163)
	at org.testng.internal.Parameters.handleParameters(Parameters.java:430)
	at org.testng.internal.Invoker.handleParameters(Invoker.java:1274)
	at org.testng.internal.Invoker.createParameters(Invoker.java:989)
	at org.testng.internal.Invoker.invokeTestMethods(Invoker.java:1079)
	at org.testng.internal.TestMethodWorker.invokeTestMethods(TestMethodWorker.java:129)
	at org.testng.internal.TestMethodWorker.run(TestMethodWorker.java:112)
	at java.base/java.util.concurrent.ThreadPoolExecutor.runWorker(ThreadPoolExecutor.java:1144)
	at java.base/java.util.concurrent.ThreadPoolExecutor$Worker.run(ThreadPoolExecutor.java:642)
	at java.base/java.lang.Thread.run(Thread.java:1583)
Caused by: com.menumitra.utilityclass.customException: Error in getting outlet list test data: Unexpected error occurred while reading excel sheet: Cannot get a NUMERIC value from a STRING cell
	at com.menumitratCommonAPITestScript.GetOutletListTestScript.getOutletListData(GetOutletListTestScript.java:167)
	at java.base/jdk.internal.reflect.DirectMethodHandleAccessor.invoke(DirectMethodHandleAccessor.java:103)
	at java.base/java.lang.reflect.Method.invoke(Method.java:580)
	at org.testng.internal.MethodInvocationHelper.invokeMethod(MethodInvocationHelper.java:86)
	at org.testng.internal.MethodInvocationHelper.invokeDataProvider(MethodInvocationHelper.java:137)
	... 9 more
]]>
    </error>
  </testcase> <!-- getOutletListTest -->
</testsuite> <!-- com.menumitratCommonAPITestScript.GetOutletListTestScript -->
