<?xml version="1.0" encoding="UTF-8"?>
<!-- Generated by org.testng.reporters.JUnitReportReporter -->
<testsuite hostname="DESKTOP-MRVJBNT" failures="0" tests="2" name="com.menumitratCommonAPITestScript.TicketListViewTestScript" time="0.766" errors="0" timestamp="9 Jun 2025 09:19:49 GMT">
  <testcase classname="com.menumitratCommonAPITestScript.TicketListViewTestScript" name="ticketListViewNegativeTest" time="0.064"/>
  <testcase classname="com.menumitratCommonAPITestScript.TicketListViewTestScript" name="ticketListViewTest" time="0.702"/>
</testsuite> <!-- com.menumitratCommonAPITestScript.TicketListViewTestScript -->
