<?xml version="1.0" encoding="UTF-8"?>
<!-- Generated by org.testng.reporters.JUnitReportReporter -->
<testsuite hostname="DESKTOP-MRVJBNT" failures="0" tests="2" name="com.menumitratCommonAPITestScript.ViewTemplatesTestScript" time="0.083" errors="0" timestamp="9 Jun 2025 09:19:48 GMT">
  <testcase classname="com.menumitratCommonAPITestScript.ViewTemplatesTestScript" name="viewTemplatesNegativeTest" time="0.040"/>
  <testcase classname="com.menumitratCommonAPITestScript.ViewTemplatesTestScript" name="viewTemplatesTest" time="0.043"/>
</testsuite> <!-- com.menumitratCommonAPITestScript.ViewTemplatesTestScript -->
