<?xml version="1.0" encoding="UTF-8"?>
<!-- Generated by org.testng.reporters.JUnitReportReporter -->
<testsuite hostname="DESKTOP-MRVJBNT" failures="0" tests="2" name="com.menumitratCommonAPITestScript.DeleteTemplatesTestScript" time="0.125" errors="0" timestamp="6 Jun 2025 18:22:05 GMT">
  <testcase classname="com.menumitratCommonAPITestScript.DeleteTemplatesTestScript" name="deleteTemplatesTest" time="0.061"/>
  <testcase classname="com.menumitratCommonAPITestScript.DeleteTemplatesTestScript" name="deleteTemplatesNegativeTest" time="0.064"/>
</testsuite> <!-- com.menumitratCommonAPITestScript.DeleteTemplatesTestScript -->
