<?xml version="1.0" encoding="UTF-8"?>
<!-- Generated by org.testng.reporters.JUnitReportReporter -->
<testsuite hostname="LAPTOP-G790OGBU" name="com.menumitratCommonAPITestScript.EbillUrlTestScript" tests="2" failures="0" timestamp="9 May 2025 09:59:02 GMT" time="0.405" errors="0">
  <testcase name="getEbillUrlNegative" time="0.228" classname="com.menumitratCommonAPITestScript.EbillUrlTestScript"/>
  <testcase name="getEbillUrl" time="0.177" classname="com.menumitratCommonAPITestScript.EbillUrlTestScript"/>
</testsuite> <!-- com.menumitratCommonAPITestScript.EbillUrlTestScript -->
