<?xml version="1.0" encoding="UTF-8"?>
<!-- Generated by org.testng.reporters.JUnitReportReporter -->
<testsuite hostname="DESKTOP-MRVJBNT" failures="0" tests="3" name="com.menumitratCommonAPITestScript.OrderViewTestScript" time="0.234" errors="0" timestamp="9 Jun 2025 09:19:49 GMT">
  <testcase classname="com.menumitratCommonAPITestScript.OrderViewTestScript" name="orderViewNegativeTest" time="0.065"/>
  <testcase classname="com.menumitratCommonAPITestScript.OrderViewTestScript" name="orderViewTest" time="0.099"/>
  <testcase classname="com.menumitratCommonAPITestScript.OrderViewTestScript" name="orderViewNegativeTest" time="0.070"/>
</testsuite> <!-- com.menumitratCommonAPITestScript.OrderViewTestScript -->
