<?xml version="1.0" encoding="UTF-8"?>
<!-- Generated by org.testng.reporters.JUnitReportReporter -->
<testsuite hostname="LAPTOP-G790OGBU" name="com.menumitra.ownertTestScript.OwnerDetailsTestScript" tests="1" failures="0" timestamp="5 May 2025 06:04:49 GMT" time="6.288" errors="0">
  <testcase name="ownerDetailsTest" time="6.288" classname="com.menumitra.ownertTestScript.OwnerDetailsTestScript"/>
</testsuite> <!-- com.menumitra.ownertTestScript.OwnerDetailsTestScript -->
