<?xml version="1.0" encoding="UTF-8"?>
<!-- Generated by org.testng.reporters.JUnitReportReporter -->
<testsuite hostname="LAPTOP-G790OGBU" name="com.menumitratCommonAPITestScript.UnlinkTables" tests="3" failures="0" timestamp="9 May 2025 08:12:35 GMT" time="0.596" errors="0">
  <testcase name="unlinkTablesNegativeTest" time="0.229" classname="com.menumitratCommonAPITestScript.UnlinkTables"/>
  <testcase name="unlinkTablesNegativeTest" time="0.145" classname="com.menumitratCommonAPITestScript.UnlinkTables"/>
  <testcase name="unlinkTablesUsingValidInputData" time="0.222" classname="com.menumitratCommonAPITestScript.UnlinkTables"/>
</testsuite> <!-- com.menumitratCommonAPITestScript.UnlinkTables -->
