<?xml version="1.0" encoding="UTF-8"?>
<!-- Generated by org.testng.reporters.JUnitReportReporter -->
<testsuite hostname="DESKTOP-MRVJBNT" failures="0" tests="1" name="com.menumitratCommonAPITestScript.OrderMenuDetailsTestScript" time="0.101" errors="0" timestamp="6 Jun 2025 18:22:05 GMT">
  <testcase classname="com.menumitratCommonAPITestScript.OrderMenuDetailsTestScript" name="verifyOrderMenuDetails" time="0.101"/>
</testsuite> <!-- com.menumitratCommonAPITestScript.OrderMenuDetailsTestScript -->
