<?xml version="1.0" encoding="UTF-8"?>
<!-- Generated by org.testng.reporters.JUnitReportReporter -->
<testsuite hostname="DESKTOP-MRVJBNT" failures="0" tests="2" name="com.menumitratCommonAPITestScript.supplierViewTestScript" time="0.076" errors="1" timestamp="22 May 2025 18:35:33 GMT">
  <testcase classname="com.menumitratCommonAPITestScript.supplierViewTestScript" name="supplierViewNegativeTest" time="0.000">
    <error message="
Method public void com.menumitratCommonAPITestScript.supplierViewTestScript.supplierViewNegativeTest(java.lang.String,java.lang.String,java.lang.String,java.lang.String,java.lang.String,java.lang.String,java.lang.String,java.lang.String) throws com.menumitra.utilityclass.customException requires a @DataProvider named : getSupplierViewNegativeData" type="org.testng.TestNGException">
      <![CDATA[org.testng.TestNGException: 
Method public void com.menumitratCommonAPITestScript.supplierViewTestScript.supplierViewNegativeTest(java.lang.String,java.lang.String,java.lang.String,java.lang.String,java.lang.String,java.lang.String,java.lang.String,java.lang.String) throws com.menumitra.utilityclass.customException requires a @DataProvider named : getSupplierViewNegativeData
	at org.testng.internal.Parameters.findDataProvider(Parameters.java:263)
	at org.testng.internal.Parameters.handleParameters(Parameters.java:419)
	at org.testng.internal.Invoker.handleParameters(Invoker.java:1274)
	at org.testng.internal.Invoker.createParameters(Invoker.java:989)
	at org.testng.internal.Invoker.invokeTestMethods(Invoker.java:1079)
	at org.testng.internal.TestMethodWorker.invokeTestMethods(TestMethodWorker.java:129)
	at org.testng.internal.TestMethodWorker.run(TestMethodWorker.java:112)
	at java.base/java.util.concurrent.ThreadPoolExecutor.runWorker(ThreadPoolExecutor.java:1144)
	at java.base/java.util.concurrent.ThreadPoolExecutor$Worker.run(ThreadPoolExecutor.java:642)
	at java.base/java.lang.Thread.run(Thread.java:1583)
]]>
    </error>
  </testcase> <!-- supplierViewNegativeTest -->
  <testcase classname="com.menumitratCommonAPITestScript.supplierViewTestScript" name="verifySupplierView" time="0.076"/>
</testsuite> <!-- com.menumitratCommonAPITestScript.supplierViewTestScript -->
