<?xml version="1.0" encoding="UTF-8"?>
<!-- Generated by org.testng.reporters.JUnitReportReporter -->
<testsuite hostname="DESKTOP-MRVJBNT" failures="0" tests="1" name="com.menumitratCommonAPITestScript.WareHouseCreateTestScript" time="0.217" errors="0" timestamp="5 Jun 2025 14:38:13 GMT">
  <testcase classname="com.menumitratCommonAPITestScript.WareHouseCreateTestScript" name="warehouseCreateTest" time="0.217"/>
</testsuite> <!-- com.menumitratCommonAPITestScript.WareHouseCreateTestScript -->
