<?xml version="1.0" encoding="UTF-8"?>
<!-- Generated by org.testng.reporters.JUnitReportReporter -->
<testsuite hostname="DESKTOP-MRVJBNT" failures="0" tests="6" name="com.menumitratCommonAPITestScript.StaffCreateTestScript" time="0.471" errors="0" timestamp="6 Jun 2025 18:22:05 GMT">
  <testcase classname="com.menumitratCommonAPITestScript.StaffCreateTestScript" name="createStaff" time="0.063"/>
  <testcase classname="com.menumitratCommonAPITestScript.StaffCreateTestScript" name="verifyStaffCreateNegativeCases" time="0.083"/>
  <testcase classname="com.menumitratCommonAPITestScript.StaffCreateTestScript" name="verifyStaffCreateNegativeCases" time="0.080"/>
  <testcase classname="com.menumitratCommonAPITestScript.StaffCreateTestScript" name="verifyStaffCreateNegativeCases" time="0.066"/>
  <testcase classname="com.menumitratCommonAPITestScript.StaffCreateTestScript" name="verifyStaffCreateNegativeCases" time="0.092"/>
  <testcase classname="com.menumitratCommonAPITestScript.StaffCreateTestScript" name="verifyStaffCreateNegativeCases" time="0.087"/>
</testsuite> <!-- com.menumitratCommonAPITestScript.StaffCreateTestScript -->
