<?xml version="1.0" encoding="UTF-8"?>
<!-- Generated by org.testng.reporters.JUnitReportReporter -->
<testsuite hostname="DESKTOP-MRVJBNT" failures="0" tests="2" name="com.menumitratCommonAPITestScript.OrderListViewCdskdsTestScript" time="5.583" errors="0" timestamp="6 Jun 2025 18:22:05 GMT">
  <testcase classname="com.menumitratCommonAPITestScript.OrderListViewCdskdsTestScript" name="orderListViewCdskdsTest" time="5.524"/>
  <testcase classname="com.menumitratCommonAPITestScript.OrderListViewCdskdsTestScript" name="orderListViewCdskdsNegativeTest" time="0.059"/>
</testsuite> <!-- com.menumitratCommonAPITestScript.OrderListViewCdskdsTestScript -->
