<?xml version="1.0" encoding="UTF-8"?>
<!-- Generated by org.testng.reporters.JUnitReportReporter -->
<testsuite hostname="DESKTOP-MRVJBNT" failures="0" tests="1" name="com.menumitratCommonAPITestScript.CreateQRTemplatesTestScript" time="0.000" errors="1" timestamp="22 May 2025 18:35:33 GMT">
  <testcase classname="com.menumitratCommonAPITestScript.CreateQRTemplatesTestScript" name="createQRTemplatesUsingValidInputData" time="0.000">
    <error message="com.menumitra.utilityclass.customException: Error while reading create QR templates test scenario data: Error reading the Excel file: Failed to read zip entry source" type="java.lang.RuntimeException">
      <![CDATA[java.lang.RuntimeException: com.menumitra.utilityclass.customException: Error while reading create QR templates test scenario data: Error reading the Excel file: Failed to read zip entry source
	at org.testng.internal.MethodInvocationHelper.invokeDataProvider(MethodInvocationHelper.java:163)
	at org.testng.internal.Parameters.handleParameters(Parameters.java:430)
	at org.testng.internal.Invoker.handleParameters(Invoker.java:1274)
	at org.testng.internal.Invoker.createParameters(Invoker.java:989)
	at org.testng.internal.Invoker.invokeTestMethods(Invoker.java:1079)
	at org.testng.internal.TestMethodWorker.invokeTestMethods(TestMethodWorker.java:129)
	at org.testng.internal.TestMethodWorker.run(TestMethodWorker.java:112)
	at java.base/java.util.concurrent.ThreadPoolExecutor.runWorker(ThreadPoolExecutor.java:1144)
	at java.base/java.util.concurrent.ThreadPoolExecutor$Worker.run(ThreadPoolExecutor.java:642)
	at java.base/java.lang.Thread.run(Thread.java:1583)
Caused by: com.menumitra.utilityclass.customException: Error while reading create QR templates test scenario data: Error reading the Excel file: Failed to read zip entry source
	at com.menumitratCommonAPITestScript.CreateQRTemplatesTestScript.getCreateQRTemplatesData(CreateQRTemplatesTestScript.java:99)
	at java.base/jdk.internal.reflect.DirectMethodHandleAccessor.invoke(DirectMethodHandleAccessor.java:103)
	at java.base/java.lang.reflect.Method.invoke(Method.java:580)
	at org.testng.internal.MethodInvocationHelper.invokeMethod(MethodInvocationHelper.java:86)
	at org.testng.internal.MethodInvocationHelper.invokeDataProvider(MethodInvocationHelper.java:137)
	... 9 more
]]>
    </error>
  </testcase> <!-- createQRTemplatesUsingValidInputData -->
</testsuite> <!-- com.menumitratCommonAPITestScript.CreateQRTemplatesTestScript -->
