<?xml version="1.0" encoding="UTF-8"?>
<!-- Generated by org.testng.reporters.JUnitReportReporter -->
<testsuite hostname="DESKTOP-MRVJBNT" failures="0" tests="1" name="com.menumitratCommonAPITestScript.MakeMenuSpecialNonSpecial" time="0.083" errors="0" timestamp="22 May 2025 13:51:10 GMT">
  <testcase classname="com.menumitratCommonAPITestScript.MakeMenuSpecialNonSpecial" name="verifyMakeMenuSpecialNonSpecial" time="0.083"/>
</testsuite> <!-- com.menumitratCommonAPITestScript.MakeMenuSpecialNonSpecial -->
