<?xml version="1.0" encoding="UTF-8"?>
<!-- Generated by org.testng.reporters.JUnitReportReporter -->
<testsuite hostname="DESKTOP-MRVJBNT" failures="0" tests="5" name="com.menumitratCommonAPITestScript.verifyOTPTestScript" time="0.248" errors="0" timestamp="9 Jun 2025 09:19:48 GMT">
  <testcase classname="com.menumitratCommonAPITestScript.verifyOTPTestScript" name="verifyOTPusingInvalidData" time="0.041"/>
  <testcase classname="com.menumitratCommonAPITestScript.verifyOTPTestScript" name="verifyOTPusingInvalidData" time="0.042"/>
  <testcase classname="com.menumitratCommonAPITestScript.verifyOTPTestScript" name="verifyOTPusingInvalidData" time="0.043"/>
  <testcase classname="com.menumitratCommonAPITestScript.verifyOTPTestScript" name="verifyOTPAPiUsingValidInputData" time="0.067"/>
  <testcase classname="com.menumitratCommonAPITestScript.verifyOTPTestScript" name="verifyOTPusingInvalidData" time="0.055"/>
</testsuite> <!-- com.menumitratCommonAPITestScript.verifyOTPTestScript -->
