<?xml version="1.0" encoding="UTF-8"?>
<!-- Generated by org.testng.reporters.JUnitReportReporter -->
<testsuite hostname="DESKTOP-MRVJBNT" failures="0" tests="1" name="com.menumitratCommonAPITestScript.StaffDeleteTestScript" time="0.182" errors="0" timestamp="9 Jun 2025 09:19:48 GMT">
  <testcase classname="com.menumitratCommonAPITestScript.StaffDeleteTestScript" name="staffDeleteNegativeTest" time="0.182"/>
</testsuite> <!-- com.menumitratCommonAPITestScript.StaffDeleteTestScript -->
