<?xml version="1.0" encoding="UTF-8"?>
<!-- Generated by org.testng.reporters.JUnitReportReporter -->
<testsuite hostname="DESKTOP-MRVJBNT" failures="0" tests="3" name="com.menumitratCommonAPITestScript.CheckVersionTestScript" time="0.148" errors="0" timestamp="9 Jun 2025 09:19:48 GMT">
  <testcase classname="com.menumitratCommonAPITestScript.CheckVersionTestScript" name="checkVersionNegativeTest" time="0.041"/>
  <testcase classname="com.menumitratCommonAPITestScript.CheckVersionTestScript" name="checkVersionNegativeTest" time="0.052"/>
  <testcase classname="com.menumitratCommonAPITestScript.CheckVersionTestScript" name="checkVersionTest" time="0.055"/>
</testsuite> <!-- com.menumitratCommonAPITestScript.CheckVersionTestScript -->
