<?xml version="1.0" encoding="UTF-8"?>
<!-- Generated by org.testng.reporters.JUnitReportReporter -->
<testsuite hostname="LAPTOP-G790OGBU" name="com.menumitra.utilityclass.ActionsMethods" tests="3" failures="0" timestamp="1 May 2025 10:42:20 GMT" time="13.303" errors="0">
  <testcase name="verifyOTP" time="1.757" classname="com.menumitra.utilityclass.ActionsMethods"/>
  <testcase name="login" time="9.760" classname="com.menumitra.utilityclass.ActionsMethods"/>
  <testcase name="logout" time="1.786" classname="com.menumitra.utilityclass.ActionsMethods"/>
</testsuite> <!-- com.menumitra.utilityclass.ActionsMethods -->
