<?xml version="1.0" encoding="UTF-8"?>
<!-- Generated by org.testng.reporters.JUnitReportReporter -->
<testsuite hostname="DESKTOP-MRVJBNT" failures="0" tests="2" name="com.menumitratCommonAPITestScript.OrderListViewCdskdsTestScript" time="9.449" errors="0" timestamp="13 Jun 2025 10:47:32 GMT">
  <testcase classname="com.menumitratCommonAPITestScript.OrderListViewCdskdsTestScript" name="orderListViewCdskdsNegativeTest" time="0.224"/>
  <testcase classname="com.menumitratCommonAPITestScript.OrderListViewCdskdsTestScript" name="orderListViewCdskdsTest" time="9.225"/>
</testsuite> <!-- com.menumitratCommonAPITestScript.OrderListViewCdskdsTestScript -->
