<?xml version="1.0" encoding="UTF-8"?>
<!-- Generated by org.testng.reporters.JUnitReportReporter -->
<testsuite hostname="LAPTOP-G790OGBU" failures="0" tests="8" name="com.menumitratCommonAPITestScript.loginTestScript" time="2.039" errors="1" timestamp="29 Apr 2025 09:38:06 GMT">
  <testcase classname="com.menumitratCommonAPITestScript.loginTestScript" name="verifyLoginUsingInvalidInputData" time="0.069"/>
  <testcase classname="com.menumitratCommonAPITestScript.loginTestScript" name="verifyLoginUsingInvalidInputData" time="0.059"/>
  <testcase classname="com.menumitratCommonAPITestScript.loginTestScript" name="verifyLoginUsingInvalidInputData" time="0.061">
    <error message="Error in negative test case login_006: Error validating response: success response validate failed: Acutal response does not matched expected response expected [{details= This Mobile Number is not resistered}] but found [{msg=Your OTP is sent successfully., st=1, role=null}]" type="com.menumitra.utilityclass.customException">
      <![CDATA[com.menumitra.utilityclass.customException: Error in negative test case login_006: Error validating response: success response validate failed: Acutal response does not matched expected response expected [{details= This Mobile Number is not resistered}] but found [{msg=Your OTP is sent successfully., st=1, role=null}]
	at com.menumitratCommonAPITestScript.loginTestScript.verifyLoginUsingInvalidInputData(loginTestScript.java:306)
	at java.base/jdk.internal.reflect.NativeMethodAccessorImpl.invoke0(Native Method)
	at java.base/jdk.internal.reflect.NativeMethodAccessorImpl.invoke(NativeMethodAccessorImpl.java:62)
	at java.base/jdk.internal.reflect.DelegatingMethodAccessorImpl.invoke(DelegatingMethodAccessorImpl.java:43)
	at java.base/java.lang.reflect.Method.invoke(Method.java:566)
	at org.testng.internal.MethodInvocationHelper.invokeMethod(MethodInvocationHelper.java:86)
	at org.testng.internal.Invoker.invokeMethod(Invoker.java:643)
	at org.testng.internal.Invoker.invokeTestMethod(Invoker.java:820)
	at org.testng.internal.Invoker.invokeTestMethods(Invoker.java:1128)
	at org.testng.internal.TestMethodWorker.invokeTestMethods(TestMethodWorker.java:129)
	at org.testng.internal.TestMethodWorker.run(TestMethodWorker.java:112)
	at org.testng.TestRunner.privateRun(TestRunner.java:782)
	at org.testng.TestRunner.run(TestRunner.java:632)
	at org.testng.SuiteRunner.runTest(SuiteRunner.java:366)
	at org.testng.SuiteRunner.runSequentially(SuiteRunner.java:361)
	at org.testng.SuiteRunner.privateRun(SuiteRunner.java:319)
	at org.testng.SuiteRunner.run(SuiteRunner.java:268)
	at org.testng.SuiteRunnerWorker.runSuite(SuiteRunnerWorker.java:52)
	at org.testng.SuiteRunnerWorker.run(SuiteRunnerWorker.java:86)
	at org.testng.TestNG.runSuitesSequentially(TestNG.java:1244)
	at org.testng.TestNG.runSuitesLocally(TestNG.java:1169)
	at org.testng.TestNG.run(TestNG.java:1064)
	at org.apache.maven.surefire.testng.TestNGExecutor.run(TestNGExecutor.java:308)
	at org.apache.maven.surefire.testng.TestNGXmlTestSuite.execute(TestNGXmlTestSuite.java:71)
	at org.apache.maven.surefire.testng.TestNGProvider.invoke(TestNGProvider.java:113)
	at org.apache.maven.surefire.booter.ForkedBooter.runSuitesInProcess(ForkedBooter.java:385)
	at org.apache.maven.surefire.booter.ForkedBooter.execute(ForkedBooter.java:162)
	at org.apache.maven.surefire.booter.ForkedBooter.run(ForkedBooter.java:507)
	at org.apache.maven.surefire.booter.ForkedBooter.main(ForkedBooter.java:495)
]]>
    </error>
  </testcase> <!-- verifyLoginUsingInvalidInputData -->
  <testcase classname="com.menumitratCommonAPITestScript.loginTestScript" name="verifyLoginUsingInvalidInputData" time="0.083"/>
  <testcase classname="com.menumitratCommonAPITestScript.loginTestScript" name="verifyLoginUsingInvalidInputData" time="0.062"/>
  <testcase classname="com.menumitratCommonAPITestScript.loginTestScript" name="verifyLoginUsingInvalidInputData" time="0.068"/>
  <testcase classname="com.menumitratCommonAPITestScript.loginTestScript" name="verifyloginUsingValidInputData" time="1.556"/>
  <testcase classname="com.menumitratCommonAPITestScript.loginTestScript" name="verifyLoginUsingInvalidInputData" time="0.081"/>
</testsuite> <!-- com.menumitratCommonAPITestScript.loginTestScript -->
