<?xml version="1.0" encoding="UTF-8"?>
<!-- Generated by org.testng.reporters.JUnitReportReporter -->
<testsuite hostname="LAPTOP-G790OGBU" failures="0" tests="2" name="com.menumitratCommonAPITestScript.ResendOTPTestScript" time="0.123" errors="0" timestamp="29 Apr 2025 09:38:06 GMT">
  <testcase classname="com.menumitratCommonAPITestScript.ResendOTPTestScript" name="getResendOTPURL" time="0.000"/>
  <testcase classname="com.menumitratCommonAPITestScript.ResendOTPTestScript" name="verifyRessendOTPUSingPositiveInputData" time="0.123"/>
</testsuite> <!-- com.menumitratCommonAPITestScript.ResendOTPTestScript -->
