<?xml version="1.0" encoding="UTF-8"?>
<!-- Generated by org.testng.reporters.JUnitReportReporter -->
<testsuite hostname="LAPTOP-G790OGBU" failures="0" tests="2" name="com.menumitraOwnerAPITestScript.OwnerverifyOtpTestScript" time="0.122" errors="0" timestamp="29 Apr 2025 09:38:06 GMT">
  <testcase classname="com.menumitraOwnerAPITestScript.OwnerverifyOtpTestScript" name="verifyOTPAPiUsingValidInputData" time="0.122"/>
  <testcase classname="com.menumitraOwnerAPITestScript.OwnerverifyOtpTestScript" name="getOwnerUrl" time="0.000"/>
</testsuite> <!-- com.menumitraOwnerAPITestScript.OwnerverifyOtpTestScript -->
